Build started 2017-02-27 12:05:06.
     1>Project "C:\Users\student\Desktop\pw_lab1\pw_lab1\build\RUN_TESTS.vcxproj" on node 2 (rebuild target(s)).
     1>_PrepareForClean:
         Deleting file "Win32\Debug\RUN_TESTS\RUN_TESTS.lastbuildstate".
       InitializeBuildStatus:
         Creating "Win32\Debug\RUN_TESTS\RUN_TESTS.unsuccessfulbuild" because "AlwaysCreate" was specified.
       PostBuildEvent:
         setlocal
         "C:\Program Files\CMake\bin\ctest.exe" --force-new-ctest-process -C Debug
         if %errorlevel% neq 0 goto :cmEnd
         :cmEnd
         endlocal & call :cmErrorLevel %errorlevel% & goto :cmDone
         :cmErrorLevel
         exit /b %1
         :cmDone
         if %errorlevel% neq 0 goto :VCEnd
         :VCEnd
         Test project C:/Users/student/Desktop/pw_lab1/pw_lab1/build
             Start 1: LaborkaPodstawowyTest
         1/3 Test #1: LaborkaPodstawowyTest ............   Passed    0.01 sec
             Start 2: LaborkaWynikSin45
         2/3 Test #2: LaborkaWynikSin45 ................   Passed    0.02 sec
             Start 3: Laborka3sek
         3/3 Test #3: Laborka3sek ......................   Passed    0.01 sec
         
         100% tests passed, 0 tests failed out of 3
         
         Total Test time (real) =   0.04 sec
       FinalizeBuildStatus:
         Deleting file "Win32\Debug\RUN_TESTS\RUN_TESTS.unsuccessfulbuild".
         Touching "Win32\Debug\RUN_TESTS\RUN_TESTS.lastbuildstate".
     1>Done Building Project "C:\Users\student\Desktop\pw_lab1\pw_lab1\build\RUN_TESTS.vcxproj" (rebuild target(s)).

Build succeeded.

Time Elapsed 00:00:00.17
